TEST_PORTS: 2024/10/26 16:27:08 rate limiter
TEST_PORTS: 2024/10/26 16:27:08 rate limiter
TEST_PORTS: 2024/10/26 16:27:14 Handle Read request
TEST_PORTS: 2024/10/26 16:27:14 k: 14, v: &{14 9175498978747376075}
TEST_PORTS: 2024/10/26 16:27:26 Handle Read request
TEST_PORTS: 2024/10/26 16:27:26 k: 2, v: &{2 6422179260422040945}
TEST_PORTS: 2024/10/26 16:27:28 Handle Read request
TEST_PORTS: 2024/10/26 16:27:28 k: 8, v: &{8 8410911296688589366}
TEST_PORTS: 2024/10/26 16:27:30 Handle Read request
TEST_PORTS: 2024/10/26 16:27:30 k: 8, v: &{8 8410911296688589366}
TEST_PORTS: 2024/10/26 16:27:51 rate limiter
TEST_PORTS: 2024/10/26 16:27:51 rate limiter
TEST_PORTS: 2024/10/26 16:27:57 Handle Read request
TEST_PORTS: 2024/10/26 16:27:57 k: 1, v: &{1 7217605341793114202}
TEST_PORTS: 2024/10/26 16:27:58 Handle Read request
TEST_PORTS: 2024/10/26 16:27:58 k: 2, v: &{2 4499504239459898852}
TEST_PORTS: 2024/10/26 16:27:59 Handle Read request
TEST_PORTS: 2024/10/26 16:27:59 k: 2, v: &{2 4499504239459898852}
TEST_PORTS: 2024/10/26 16:28:01 Handle Read request
TEST_PORTS: 2024/10/26 16:28:01 k: 9, v: &{9 5822548797976758128}
TEST_PORTS: 2024/10/26 16:36:54 rate limiter
TEST_PORTS: 2024/10/26 16:36:54 rate limiter
TEST_PORTS: 2024/10/26 16:36:58 Handle Read request
TEST_PORTS: 2024/10/26 16:37:10 k: 4, v: &{4 4555434012770402288}
TEST_PORTS: 2024/10/26 16:37:38 Handle Read request
TEST_PORTS: 2024/10/26 16:37:38 k: 1, v: &{1 8271153841450584805}
TEST_PORTS: 2024/10/26 16:37:45 rate limiter
TEST_PORTS: 2024/10/26 16:37:45 rate limiter
TEST_PORTS: 2024/10/26 16:37:47 Handle Read request
TEST_PORTS: 2024/10/26 16:38:25 k: 4, v: &{4 8852486323186926010}
TEST_PORTS: 2024/10/26 16:38:35 Handle Read request
TEST_PORTS: 2024/10/26 16:39:05 k: 13, v: &{13 7492582653461267123}
TEST_PORTS: 2024/10/26 16:39:44 rate limiter
TEST_PORTS: 2024/10/26 16:39:44 rate limiter
TEST_PORTS: 2024/10/26 16:39:47 Handle Read request
TEST_PORTS: 2024/10/26 16:41:05 k: 3, v: &{3 3334484889563881414}
TEST_PORTS: 2024/10/26 17:05:35 rate limiter
TEST_PORTS: 2024/10/26 17:05:35 rate limiter
TEST_PORTS: 2024/10/26 17:05:38 Handle Read request
TEST_PORTS: 2024/10/26 17:05:38 k: 3, v: &{3 139983230627187070}
TEST_PORTS: 2024/10/26 17:05:39 Handle Read request
TEST_PORTS: 2024/10/26 17:05:39 k: 2, v: &{2 491510078183924713}
TEST_PORTS: 2024/10/26 17:05:40 Handle Read request
TEST_PORTS: 2024/10/26 17:05:40 k: 7, v: &{7 5846762705051447388}
TEST_PORTS: 2024/10/26 17:05:41 Handle Read request
TEST_PORTS: 2024/10/26 17:05:41 k: 7, v: &{7 5846762705051447388}
TEST_PORTS: 2024/10/26 17:05:42 Handle Read request
TEST_PORTS: 2024/10/26 17:05:42 k: 10, v: &{10 6930297373447554822}
TEST_PORTS: 2024/10/26 17:05:42 Handle Read request
TEST_PORTS: 2024/10/26 17:05:42 k: 7, v: &{7 5846762705051447388}
TEST_PORTS: 2024/10/26 17:05:43 Handle Read request
TEST_PORTS: 2024/10/26 17:05:43 k: 7, v: &{7 5846762705051447388}
TEST_PORTS: 2024/10/26 17:05:44 Handle Read request
TEST_PORTS: 2024/10/26 17:05:44 k: 14, v: &{14 678867533390844705}
TEST_PORTS: 2024/10/26 17:05:45 Handle Read request
TEST_PORTS: 2024/10/26 17:05:45 k: 1, v: &{1 7440526436003662563}
TEST_PORTS: 2024/10/26 17:05:45 Handle Read request
TEST_PORTS: 2024/10/26 17:05:45 k: 1, v: &{1 7440526436003662563}
TEST_PORTS: 2024/10/26 17:05:46 Handle Read request
TEST_PORTS: 2024/10/26 17:05:46 k: 7, v: &{7 5846762705051447388}
TEST_PORTS: 2024/10/26 17:05:47 Handle Read request
TEST_PORTS: 2024/10/26 17:05:47 k: 14, v: &{14 678867533390844705}
TEST_PORTS: 2024/10/26 17:05:47 Handle Read request
TEST_PORTS: 2024/10/26 17:05:47 k: 1, v: &{1 7440526436003662563}
TEST_PORTS: 2024/10/26 17:05:48 Handle Read request
TEST_PORTS: 2024/10/26 17:05:48 k: 7, v: &{7 5846762705051447388}
TEST_PORTS: 2024/10/26 17:07:37 Handle Read request
TEST_PORTS: 2024/10/26 17:07:37 k: 7, v: &{7 5846762705051447388}
TEST_PORTS: 2024/10/26 17:07:37 Handle Read request
TEST_PORTS: 2024/10/26 17:07:37 k: 1, v: &{1 7440526436003662563}
TEST_PORTS: 2024/10/26 17:07:37 Handle Read request
TEST_PORTS: 2024/10/26 17:07:37 k: 7, v: &{7 5846762705051447388}
TEST_PORTS: 2024/10/26 17:07:37 Handle Read request
TEST_PORTS: 2024/10/26 17:07:37 k: 2, v: &{2 491510078183924713}
TEST_PORTS: 2024/10/26 17:07:37 Handle Read request
TEST_PORTS: 2024/10/26 17:07:37 k: 7, v: &{7 5846762705051447388}
TEST_PORTS: 2024/10/26 17:07:37 Handle Read request
TEST_PORTS: 2024/10/26 17:07:37 k: 13, v: &{13 6278396682426575510}
TEST_PORTS: 2024/10/26 17:07:37 Handle Read request
TEST_PORTS: 2024/10/26 17:07:37 k: 14, v: &{14 678867533390844705}
TEST_PORTS: 2024/10/26 17:07:37 Handle Read request
TEST_PORTS: 2024/10/26 17:07:37 k: 10, v: &{10 6930297373447554822}
TEST_PORTS: 2024/10/26 17:07:37 Handle Read request
TEST_PORTS: 2024/10/26 17:07:37 k: 14, v: &{14 678867533390844705}
TEST_PORTS: 2024/10/26 17:07:37 Handle Read request
TEST_PORTS: 2024/10/26 17:07:37 k: 2, v: &{2 491510078183924713}
TEST_PORTS: 2024/10/26 17:07:37 Handle Read request
TEST_PORTS: 2024/10/26 17:07:37 k: 1, v: &{1 7440526436003662563}
TEST_PORTS: 2024/10/26 17:09:06 rate limiter
TEST_PORTS: 2024/10/26 17:09:06 rate limiter
TEST_PORTS: 2024/10/26 17:09:09 Handle Read request
TEST_PORTS: 2024/10/26 17:09:09 k: 1, v: &{1 4739563746436027834}
TEST_PORTS: 2024/10/26 17:09:09 Handle Read request
TEST_PORTS: 2024/10/26 17:09:09 k: 2, v: &{2 4572985978088821417}
TEST_PORTS: 2024/10/26 17:09:09 Handle Read request
TEST_PORTS: 2024/10/26 17:09:09 k: 5, v: &{5 5605299564091156351}
TEST_PORTS: 2024/10/26 17:09:09 Handle Read request
TEST_PORTS: 2024/10/26 17:09:09 k: 6, v: &{6 1962365410521139777}
TEST_PORTS: 2024/10/26 17:09:09 Handle Read request
TEST_PORTS: 2024/10/26 17:09:09 k: 6, v: &{6 1962365410521139777}
TEST_PORTS: 2024/10/26 17:09:09 Handle Read request
TEST_PORTS: 2024/10/26 17:09:09 k: 15, v: &{15 7763886229607571308}
TEST_PORTS: 2024/10/26 17:09:09 Handle Read request
TEST_PORTS: 2024/10/26 17:09:09 k: 6, v: &{6 1962365410521139777}
TEST_PORTS: 2024/10/26 17:09:09 Handle Read request
TEST_PORTS: 2024/10/26 17:09:09 k: 4, v: &{4 458766846108648405}
TEST_PORTS: 2024/10/26 17:09:09 Handle Read request
TEST_PORTS: 2024/10/26 17:09:09 k: 1, v: &{1 4739563746436027834}
TEST_PORTS: 2024/10/26 17:09:09 Handle Read request
TEST_PORTS: 2024/10/26 17:09:09 k: 14, v: &{14 7057083371575576846}
TEST_PORTS: 2024/10/26 17:09:09 Handle Read request
TEST_PORTS: 2024/10/26 17:09:09 k: 9, v: &{9 6261202741537706860}
TEST_PORTS: 2024/10/26 19:32:50 rate limiter
TEST_PORTS: 2024/10/26 19:32:50 rate limiter
TEST_PORTS: 2024/10/26 19:33:13 Handle Write request
TEST_PORTS: 2024/10/26 19:33:13 k: 1, v: &{1 0}
TEST_PORTS: 2024/10/26 19:33:13 Port Number: 1, Port Value: 8009417381076293273
TEST_PORTS: 2024/10/26 19:34:31 rate limiter
TEST_PORTS: 2024/10/26 19:34:31 rate limiter
TEST_PORTS: 2024/10/26 19:34:38 Handle Write request
TEST_PORTS: 2024/10/26 19:34:38 k: 1, v: &{1 0}
TEST_PORTS: 2024/10/26 19:34:38 Port Number: 1, Port Value: 3498689879247138904
TEST_PORTS: 2024/10/26 19:34:56 Handle Write request
TEST_PORTS: 2024/10/26 19:34:56 k: 1, v: &{1 0}
TEST_PORTS: 2024/10/26 19:34:56 Port Number: 1, Port Value: 6711026500193075893
TEST_PORTS: 2024/10/26 19:35:26 rate limiter
TEST_PORTS: 2024/10/26 19:35:26 rate limiter
TEST_PORTS: 2024/10/26 19:35:29 Handle Write request
TEST_PORTS: 2024/10/26 19:35:29 k: 2, v: &{2 0}
TEST_PORTS: 2024/10/26 19:35:29 Port Number: 2, Port Value: 8954965293836893731
TEST_PORTS: 2024/10/26 19:35:33 Handle Write request
TEST_PORTS: 2024/10/26 19:35:33 k: 3, v: &{3 0}
TEST_PORTS: 2024/10/26 19:35:33 Port Number: 3, Port Value: 3525697166942586582
TEST_PORTS: 2024/10/26 19:35:38 Handle Write request
TEST_PORTS: 2024/10/26 19:35:38 k: 1, v: &{1 0}
TEST_PORTS: 2024/10/26 19:35:38 Port Number: 1, Port Value: 1313832034354606527
TEST_PORTS: 2024/10/26 19:35:46 Handle Write request
TEST_PORTS: 2024/10/26 19:35:46 k: 2, v: &{2 0}
TEST_PORTS: 2024/10/26 19:35:46 Port Number: 2, Port Value: 3015543393184418046
TEST_PORTS: 2024/10/26 19:36:37 rate limiter
TEST_PORTS: 2024/10/26 19:36:37 rate limiter
TEST_PORTS: 2024/10/26 19:36:40 Handle Read request
TEST_PORTS: 2024/10/26 19:36:40 k: 5, v: &{5 829747098002899316}
TEST_PORTS: 2024/10/26 19:36:40 Handle Read request
TEST_PORTS: 2024/10/26 19:36:40 k: 2, v: &{2 7084006240340164053}
TEST_PORTS: 2024/10/26 19:36:40 Handle Read request
TEST_PORTS: 2024/10/26 19:36:40 k: 1, v: &{1 1382412649639068717}
TEST_PORTS: 2024/10/26 19:36:40 Handle Read request
TEST_PORTS: 2024/10/26 19:36:40 k: 6, v: &{6 7790260934287932599}
TEST_PORTS: 2024/10/26 19:36:40 Handle Read request
TEST_PORTS: 2024/10/26 19:36:40 k: 5, v: &{5 829747098002899316}
TEST_PORTS: 2024/10/26 19:36:40 Handle Read request
TEST_PORTS: 2024/10/26 19:36:40 k: 1, v: &{1 1382412649639068717}
TEST_PORTS: 2024/10/26 19:36:40 Handle Read request
TEST_PORTS: 2024/10/26 19:36:40 k: 6, v: &{6 7790260934287932599}
TEST_PORTS: 2024/10/26 19:36:40 Handle Read request
TEST_PORTS: 2024/10/26 19:36:40 k: 6, v: &{6 7790260934287932599}
TEST_PORTS: 2024/10/26 19:36:40 Handle Read request
TEST_PORTS: 2024/10/26 19:36:40 k: 3, v: &{3 1785325084978472725}
TEST_PORTS: 2024/10/26 19:36:40 Handle Read request
TEST_PORTS: 2024/10/26 19:36:40 k: 9, v: &{9 8897798606144726953}
TEST_PORTS: 2024/10/26 19:36:40 Handle Read request
TEST_PORTS: 2024/10/26 19:36:40 k: 3, v: &{3 1785325084978472725}
TEST_PORTS: 2024/10/26 19:36:41 Handle Read request
TEST_PORTS: 2024/10/26 19:36:41 k: 6, v: &{6 7790260934287932599}
TEST_PORTS: 2024/10/26 19:36:41 Handle Write request
TEST_PORTS: 2024/10/26 19:36:41 k: 1, v: &{1 0}
TEST_PORTS: 2024/10/26 19:36:41 Port Number: 1, Port Value: 6647107674023225806
TEST_PORTS: 2024/10/26 19:36:41 Handle Write request
TEST_PORTS: 2024/10/26 19:36:41 k: 1, v: &{1 0}
TEST_PORTS: 2024/10/26 19:36:41 Port Number: 1, Port Value: 1513050627076493766
TEST_PORTS: 2024/10/26 19:36:41 Handle Write request
TEST_PORTS: 2024/10/26 19:36:41 k: 1, v: &{1 0}
TEST_PORTS: 2024/10/26 19:36:41 Port Number: 1, Port Value: 2688112311148405568
TEST_PORTS: 2024/10/26 19:36:41 Handle Write request
TEST_PORTS: 2024/10/26 19:36:41 k: 1, v: &{1 0}
TEST_PORTS: 2024/10/26 19:36:41 Port Number: 1, Port Value: 4704394989612442451
TEST_PORTS: 2024/10/26 19:36:41 Handle Write request
TEST_PORTS: 2024/10/26 19:36:41 k: 1, v: &{1 0}
TEST_PORTS: 2024/10/26 19:36:41 Port Number: 1, Port Value: 7886316260929274305
TEST_PORTS: 2024/10/26 19:42:46 rate limiter
TEST_PORTS: 2024/10/26 19:42:46 rate limiter
TEST_PORTS: 2024/10/26 19:42:52 Handle Read request
TEST_PORTS: 2024/10/26 19:42:52 k: 11, v: &{11 308395722144659730}
TEST_PORTS: 2024/10/26 19:42:52 Handle Read request
TEST_PORTS: 2024/10/26 19:42:52 k: 13, v: &{13 5237402533608779348}
TEST_PORTS: 2024/10/26 19:42:52 Handle Read request
TEST_PORTS: 2024/10/26 19:42:52 k: 1, v: &{1 817909761036760028}
TEST_PORTS: 2024/10/26 19:42:52 Handle Read request
TEST_PORTS: 2024/10/26 19:42:52 k: 13, v: &{13 5237402533608779348}
TEST_PORTS: 2024/10/26 19:42:52 Handle Read request
TEST_PORTS: 2024/10/26 19:42:52 k: 7, v: &{7 6601921074996833476}
TEST_PORTS: 2024/10/26 19:42:52 Handle Read request
TEST_PORTS: 2024/10/26 19:42:52 k: 7, v: &{7 6601921074996833476}
TEST_PORTS: 2024/10/26 19:43:03 Handle Read request
TEST_PORTS: 2024/10/26 19:43:03 k: 12, v: &{12 5732990794549580691}
TEST_PORTS: 2024/10/26 19:43:03 Handle Read request
TEST_PORTS: 2024/10/26 19:43:03 k: 5, v: &{5 6411735561378815399}
TEST_PORTS: 2024/10/26 19:43:03 Handle Read request
TEST_PORTS: 2024/10/26 19:43:03 k: 3, v: &{3 8814247898639297248}
TEST_PORTS: 2024/10/26 19:43:03 Handle Read request
TEST_PORTS: 2024/10/26 19:43:03 k: 8, v: &{8 258329394005259383}
TEST_PORTS: 2024/10/26 19:43:03 Handle Read request
TEST_PORTS: 2024/10/26 19:43:03 k: 7, v: &{7 6601921074996833476}
TEST_PORTS: 2024/10/26 19:43:03 Handle Read request
TEST_PORTS: 2024/10/26 19:43:03 k: 13, v: &{13 5237402533608779348}
TEST_PORTS: 2024/10/26 19:43:03 Handle Read request
TEST_PORTS: 2024/10/26 19:43:03 k: 1, v: &{1 817909761036760028}
TEST_PORTS: 2024/10/26 19:43:03 Handle Read request
TEST_PORTS: 2024/10/26 19:43:03 k: 7, v: &{7 6601921074996833476}
TEST_PORTS: 2024/10/26 19:43:03 Handle Read request
TEST_PORTS: 2024/10/26 19:43:03 k: 7, v: &{7 6601921074996833476}
TEST_PORTS: 2024/10/26 19:43:03 Handle Read request
TEST_PORTS: 2024/10/26 19:43:03 k: 1, v: &{1 817909761036760028}
